d:\development\programmingproject\tool\flow\flow\x64\debug\vc143.pdb
d:\development\programmingproject\tool\flow\flow\x64\debug\vc143.idb
d:\development\programmingproject\tool\flow\flow\x64\debug\main.obj
d:\development\programmingproject\tool\flow\flow\x64\debug\jsoncpp.obj
d:\development\programmingproject\tool\flow\flow\x64\debug\history.obj
d:\development\programmingproject\tool\flow\flow\x64\debug\flow.obj
d:\development\programmingproject\tool\flow\flow\x64\debug\fileio.obj
d:\development\programmingproject\tool\flow\flow\x64\debug\branch.obj
d:\development\programmingproject\tool\flow\flow\x64\debug\zipmanager.obj
d:\development\programmingproject\tool\flow\flow\x64\debug\protablefiledialogs.obj
d:\development\programmingproject\tool\flow\flow\x64\debug\protablefiledialogs.h.ifc
d:\development\programmingproject\tool\flow\flow\x64\debug\protablefiledialogs.h.ifc.d.json
d:\development\programmingproject\tool\flow\flow\x64\debug\protablefiledialogs.h.obj
d:\development\programmingproject\tool\flow\flow\x64\debug\metadata.obj
d:\development\programmingproject\tool\flow\x64\debug\flow.exe
d:\development\programmingproject\tool\flow\flow\x64\debug\flow.ilk
d:\development\programmingproject\tool\flow\x64\debug\flow.pdb
d:\development\programmingproject\tool\flow\flow\x64\debug\protablefiledialogs.h.module.json
d:\development\programmingproject\tool\flow\flow\x64\debug\adler32.obj
d:\development\programmingproject\tool\flow\flow\x64\debug\compress.obj
d:\development\programmingproject\tool\flow\flow\x64\debug\crc32.obj
d:\development\programmingproject\tool\flow\flow\x64\debug\deflate.obj
d:\development\programmingproject\tool\flow\flow\x64\debug\filewatcher.obj
d:\development\programmingproject\tool\flow\flow\x64\debug\filewatcherwin32.obj
d:\development\programmingproject\tool\flow\flow\x64\debug\gzclose.obj
d:\development\programmingproject\tool\flow\flow\x64\debug\gzlib.obj
d:\development\programmingproject\tool\flow\flow\x64\debug\gzread.obj
d:\development\programmingproject\tool\flow\flow\x64\debug\gzwrite.obj
d:\development\programmingproject\tool\flow\flow\x64\debug\infback.obj
d:\development\programmingproject\tool\flow\flow\x64\debug\inffast.obj
d:\development\programmingproject\tool\flow\flow\x64\debug\inflate.obj
d:\development\programmingproject\tool\flow\flow\x64\debug\inftrees.obj
d:\development\programmingproject\tool\flow\flow\x64\debug\ioapi.obj
d:\development\programmingproject\tool\flow\flow\x64\debug\iowin32.obj
d:\development\programmingproject\tool\flow\flow\x64\debug\log.obj
d:\development\programmingproject\tool\flow\flow\x64\debug\mztools.obj
d:\development\programmingproject\tool\flow\flow\x64\debug\trees.obj
d:\development\programmingproject\tool\flow\flow\x64\debug\uncompr.obj
d:\development\programmingproject\tool\flow\flow\x64\debug\unzip.obj
d:\development\programmingproject\tool\flow\flow\x64\debug\zip.obj
d:\development\programmingproject\tool\flow\flow\x64\debug\zutil.obj
d:\development\programmingproject\tool\flow\flow\x64\debug\branch.obj.enc
d:\development\programmingproject\tool\flow\flow\x64\debug\flow.tlog\cl.command.1.tlog
d:\development\programmingproject\tool\flow\flow\x64\debug\flow.tlog\cl.read.1.tlog
d:\development\programmingproject\tool\flow\flow\x64\debug\flow.tlog\cl.write.1.tlog
d:\development\programmingproject\tool\flow\flow\x64\debug\flow.tlog\link.command.1.tlog
d:\development\programmingproject\tool\flow\flow\x64\debug\flow.tlog\link.read.1.tlog
d:\development\programmingproject\tool\flow\flow\x64\debug\flow.tlog\link.write.1.tlog
d:\development\programmingproject\tool\flow\flow\x64\debug\flow_md.tlog\cl.command.1.tlog
d:\development\programmingproject\tool\flow\flow\x64\debug\flow_md.tlog\microsoft.build.cpptasks.cl.read.1.tlog
d:\development\programmingproject\tool\flow\flow\x64\debug\flow_md.tlog\microsoft.build.cpptasks.cl.write.1.tlog
