d:\development\programmingproject\tool\flow\flow\x64\release\vc143.pdb
d:\development\programmingproject\tool\flow\flow\x64\release\metadata.obj
d:\development\programmingproject\tool\flow\flow\x64\release\main.obj
d:\development\programmingproject\tool\flow\flow\x64\release\log.obj
d:\development\programmingproject\tool\flow\flow\x64\release\jsoncpp.obj
d:\development\programmingproject\tool\flow\flow\x64\release\history.obj
d:\development\programmingproject\tool\flow\flow\x64\release\flow.obj
d:\development\programmingproject\tool\flow\flow\x64\release\fileio.obj
d:\development\programmingproject\tool\flow\flow\x64\release\branch.obj
d:\development\programmingproject\tool\flow\flow\x64\release\protablefiledialogs.h.ifc
d:\development\programmingproject\tool\flow\flow\x64\release\protablefiledialogs.h.ifc.d.json
d:\development\programmingproject\tool\flow\flow\x64\release\protablefiledialogs.h.obj
d:\development\programmingproject\tool\flow\x64\release\flow.exe
d:\development\programmingproject\tool\flow\flow\x64\release\flow.ipdb
d:\development\programmingproject\tool\flow\x64\release\flow.pdb
d:\development\programmingproject\tool\flow\flow\x64\release\flow.iobj
d:\development\programmingproject\tool\flow\flow\x64\release\protablefiledialogs.h.module.json
d:\development\programmingproject\tool\flow\flow\x64\release\flow.tlog\cl.command.1.tlog
d:\development\programmingproject\tool\flow\flow\x64\release\flow.tlog\cl.read.1.tlog
d:\development\programmingproject\tool\flow\flow\x64\release\flow.tlog\cl.write.1.tlog
d:\development\programmingproject\tool\flow\flow\x64\release\flow.tlog\link.command.1.tlog
d:\development\programmingproject\tool\flow\flow\x64\release\flow.tlog\link.read.1.tlog
d:\development\programmingproject\tool\flow\flow\x64\release\flow.tlog\link.write.1.tlog
d:\development\programmingproject\tool\flow\flow\x64\release\flow_md.tlog\cl.command.1.tlog
d:\development\programmingproject\tool\flow\flow\x64\release\flow_md.tlog\microsoft.build.cpptasks.cl.read.1.tlog
d:\development\programmingproject\tool\flow\flow\x64\release\flow_md.tlog\microsoft.build.cpptasks.cl.write.1.tlog
